<?xml version="1.0" encoding="UTF-8"?>
<!-- Generated by org.testng.reporters.JUnitReportReporter -->
<testsuite hostname="LAPTOP-CNSK0O45" failures="0" tests="3" name="com.restAssured.RestAssuredPractice.LibraryAPIAutomation" time="3.174" errors="0" timestamp="2024-10-15T13:58:13 IST" skipped="0">
  <testcase classname="com.restAssured.RestAssuredPractice.LibraryAPIAutomation" name="addBook" time="2.167"/>
  <testcase classname="com.restAssured.RestAssuredPractice.LibraryAPIAutomation" name="addBook" time="0.514"/>
  <testcase classname="com.restAssured.RestAssuredPractice.LibraryAPIAutomation" name="addBook" time="0.493"/>
</testsuite> <!-- com.restAssured.RestAssuredPractice.LibraryAPIAutomation -->
