<?xml version="1.0" encoding="UTF-8"?>
<!-- Generated by org.testng.reporters.JUnitReportReporter -->
<testsuite hostname="LAPTOP-CNSK0O45" failures="0" tests="1" name="com.restAssured.RestAssuredPractice.JiraAPIAutomation" time="76.810" errors="0" timestamp="2024-10-15T19:55:26 IST" skipped="0">
  <testcase classname="com.restAssured.RestAssuredPractice.JiraAPIAutomation" name="createBug" time="76.810"/>
</testsuite> <!-- com.restAssured.RestAssuredPractice.JiraAPIAutomation -->
