<?xml version="1.0" encoding="UTF-8"?>
<!-- Generated by org.testng.reporters.JUnitReportReporter -->
<testsuite hostname="LAPTOP-CNSK0O45" failures="0" tests="1" name="com.restAssured.RestAssuredPractice.Authorization" time="2.878" errors="0" timestamp="2024-10-25T20:28:42 IST" skipped="0">
  <testcase classname="com.restAssured.RestAssuredPractice.Authorization" name="GetCourseDetails" time="2.878"/>
</testsuite> <!-- com.restAssured.RestAssuredPractice.Authorization -->
