<?xml version="1.0" encoding="UTF-8"?>
<!-- Generated by org.testng.reporters.JUnitReportReporter -->
<testsuite hostname="LAPTOP-CNSK0O45" failures="0" tests="1" name="com.restAssured.RestAssuredPractice.POJOclasses" time="1.477" errors="0" timestamp="2024-10-25T21:39:05 IST" skipped="0">
  <testcase classname="com.restAssured.RestAssuredPractice.POJOclasses" name="addMapsAPI" time="1.477"/>
</testsuite> <!-- com.restAssured.RestAssuredPractice.POJOclasses -->
