<?xml version="1.0" encoding="UTF-8"?>
<!-- Generated by org.testng.reporters.JUnitReportReporter -->
<testsuite hostname="LAPTOP-CNSK0O45" failures="0" tests="1" name="com.restAssured.RestAssuredPractice.advancedTest" time="2.813" errors="0" timestamp="2024-10-26T18:20:46 IST" skipped="0">
  <testcase classname="com.restAssured.RestAssuredPractice.advancedTest" name="addMapsAPI" time="2.813"/>
</testsuite> <!-- com.restAssured.RestAssuredPractice.advancedTest -->
